{"/home/solano/Área de Trabalho/lab03_01/lab03_01/src/hello_world.ts": {"path":"/home/solano/Área de Trabalho/lab03_01/lab03_01/src/hello_world.ts","statementMap":{"0":{"start":{"line":1,"column":17},"end":{"line":1,"column":24}},"1":{"start":{"line":4,"column":3},"end":{"line":6,"column":null}},"2":{"start":{"line":5,"column":7},"end":{"line":5,"column":31}},"3":{"start":{"line":7,"column":3},"end":{"line":7,"column":28}},"4":{"start":{"line":3,"column":0},"end":{"line":3,"column":16}}},"fnMap":{"0":{"name":"hello","decl":{"start":{"line":3,"column":16},"end":{"line":3,"column":21}},"loc":{"start":{"line":3,"column":46},"end":{"line":8,"column":1}}}},"branchMap":{"0":{"loc":{"start":{"line":3,"column":22},"end":{"line":3,"column":46}},"type":"default-arg","locations":[{"start":{"line":3,"column":38},"end":{"line":3,"column":46}}]},"1":{"loc":{"start":{"line":4,"column":3},"end":{"line":6,"column":null}},"type":"if","locations":[{"start":{"line":4,"column":3},"end":{"line":6,"column":null}}]}},"s":{"0":1,"1":1,"2":0,"3":1,"4":1},"f":{"0":1},"b":{"0":[1],"1":[0]}}
}
